ERROR - 2024-01-10 10:18:07 --> Error connecting to the database: mysqli_sql_exception: No connection could be made because the target machine actively refused it in C:\xampp\htdocs\talakayan-online\system\Database\MySQLi\Connection.php:184
Stack trace:
#0 C:\xampp\htdocs\talakayan-online\system\Database\MySQLi\Connection.php(184): mysqli->real_connect('localhost', 'root', Object(SensitiveParameterValue), 'talakayandb', 3306, '', 0)
#1 C:\xampp\htdocs\talakayan-online\system\Database\BaseConnection.php(391): CodeIgniter\Database\MySQLi\Connection->connect(false)
#2 C:\xampp\htdocs\talakayan-online\system\Database\BaseConnection.php(574): CodeIgniter\Database\BaseConnection->initialize()
#3 C:\xampp\htdocs\talakayan-online\system\Database\BaseBuilder.php(1615): CodeIgniter\Database\BaseConnection->query('SELECT *\nFROM `...', Array, false)
#4 C:\xampp\htdocs\talakayan-online\system\Model.php(264): CodeIgniter\Database\BaseBuilder->get()
#5 C:\xampp\htdocs\talakayan-online\system\BaseModel.php(662): CodeIgniter\Model->doFirst()
#6 C:\xampp\htdocs\talakayan-online\app\Models\NewsModel.php(18): CodeIgniter\BaseModel->first()
#7 C:\xampp\htdocs\talakayan-online\app\Controllers\News.php(24): App\Models\NewsModel->getNews('say-it-isnt-so')
#8 C:\xampp\htdocs\talakayan-online\system\CodeIgniter.php(919): App\Controllers\News->show('say-it-isnt-so')
#9 C:\xampp\htdocs\talakayan-online\system\CodeIgniter.php(494): CodeIgniter\CodeIgniter->runController(Object(App\Controllers\News))
#10 C:\xampp\htdocs\talakayan-online\system\CodeIgniter.php(353): CodeIgniter\CodeIgniter->handleRequest(NULL, Object(Config\Cache), false)
#11 C:\xampp\htdocs\talakayan-online\index.php(79): CodeIgniter\CodeIgniter->run()
#12 {main}

Next CodeIgniter\Database\Exceptions\DatabaseException: No connection could be made because the target machine actively refused it in C:\xampp\htdocs\talakayan-online\system\Database\MySQLi\Connection.php:229
Stack trace:
#0 C:\xampp\htdocs\talakayan-online\system\Database\BaseConnection.php(391): CodeIgniter\Database\MySQLi\Connection->connect(false)
#1 C:\xampp\htdocs\talakayan-online\system\Database\BaseConnection.php(574): CodeIgniter\Database\BaseConnection->initialize()
#2 C:\xampp\htdocs\talakayan-online\system\Database\BaseBuilder.php(1615): CodeIgniter\Database\BaseConnection->query('SELECT *\nFROM `...', Array, false)
#3 C:\xampp\htdocs\talakayan-online\system\Model.php(264): CodeIgniter\Database\BaseBuilder->get()
#4 C:\xampp\htdocs\talakayan-online\system\BaseModel.php(662): CodeIgniter\Model->doFirst()
#5 C:\xampp\htdocs\talakayan-online\app\Models\NewsModel.php(18): CodeIgniter\BaseModel->first()
#6 C:\xampp\htdocs\talakayan-online\app\Controllers\News.php(24): App\Models\NewsModel->getNews('say-it-isnt-so')
#7 C:\xampp\htdocs\talakayan-online\system\CodeIgniter.php(919): App\Controllers\News->show('say-it-isnt-so')
#8 C:\xampp\htdocs\talakayan-online\system\CodeIgniter.php(494): CodeIgniter\CodeIgniter->runController(Object(App\Controllers\News))
#9 C:\xampp\htdocs\talakayan-online\system\CodeIgniter.php(353): CodeIgniter\CodeIgniter->handleRequest(NULL, Object(Config\Cache), false)
#10 C:\xampp\htdocs\talakayan-online\index.php(79): CodeIgniter\CodeIgniter->run()
#11 {main}
CRITICAL - 2024-01-10 10:18:07 --> Unable to connect to the database.
Main connection [MySQLi]: No connection could be made because the target machine actively refused it
in SYSTEMPATH\Database\BaseConnection.php on line 427.
 1 SYSTEMPATH\Database\BaseConnection.php(574): CodeIgniter\Database\BaseConnection->initialize()
 2 SYSTEMPATH\Database\BaseBuilder.php(1615): CodeIgniter\Database\BaseConnection->query('SELECT *
FROM `news`
WHERE `slug` = :slug:
 LIMIT 1', [...], false)
 3 SYSTEMPATH\Model.php(264): CodeIgniter\Database\BaseBuilder->get()
 4 SYSTEMPATH\BaseModel.php(662): CodeIgniter\Model->doFirst()
 5 APPPATH\Models\NewsModel.php(18): CodeIgniter\BaseModel->first()
 6 APPPATH\Controllers\News.php(24): App\Models\NewsModel->getNews('say-it-isnt-so')
 7 SYSTEMPATH\CodeIgniter.php(919): App\Controllers\News->show('say-it-isnt-so')
 8 SYSTEMPATH\CodeIgniter.php(494): CodeIgniter\CodeIgniter->runController(Object(App\Controllers\News))
 9 SYSTEMPATH\CodeIgniter.php(353): CodeIgniter\CodeIgniter->handleRequest(null, Object(Config\Cache), false)
10 FCPATH\index.php(79): CodeIgniter\CodeIgniter->run()
ERROR - 2024-01-10 10:31:37 --> mysqli_sql_exception: Table 'talakayandb.news' doesn't exist in engine in C:\xampp\htdocs\talakayan-online\system\Database\MySQLi\Connection.php:306
Stack trace:
#0 C:\xampp\htdocs\talakayan-online\system\Database\MySQLi\Connection.php(306): mysqli->query('SELECT *\nFROM `...', 0)
#1 C:\xampp\htdocs\talakayan-online\system\Database\BaseConnection.php(692): CodeIgniter\Database\MySQLi\Connection->execute('SELECT *\nFROM `...')
#2 C:\xampp\htdocs\talakayan-online\system\Database\BaseConnection.php(606): CodeIgniter\Database\BaseConnection->simpleQuery('SELECT *\nFROM `...')
#3 C:\xampp\htdocs\talakayan-online\system\Database\BaseBuilder.php(1615): CodeIgniter\Database\BaseConnection->query('SELECT *\nFROM `...', Array, false)
#4 C:\xampp\htdocs\talakayan-online\system\Model.php(264): CodeIgniter\Database\BaseBuilder->get()
#5 C:\xampp\htdocs\talakayan-online\system\BaseModel.php(662): CodeIgniter\Model->doFirst()
#6 C:\xampp\htdocs\talakayan-online\app\Models\NewsModel.php(18): CodeIgniter\BaseModel->first()
#7 C:\xampp\htdocs\talakayan-online\app\Controllers\News.php(24): App\Models\NewsModel->getNews('say-it-isnt-so')
#8 C:\xampp\htdocs\talakayan-online\system\CodeIgniter.php(919): App\Controllers\News->show('say-it-isnt-so')
#9 C:\xampp\htdocs\talakayan-online\system\CodeIgniter.php(494): CodeIgniter\CodeIgniter->runController(Object(App\Controllers\News))
#10 C:\xampp\htdocs\talakayan-online\system\CodeIgniter.php(353): CodeIgniter\CodeIgniter->handleRequest(NULL, Object(Config\Cache), false)
#11 C:\xampp\htdocs\talakayan-online\index.php(79): CodeIgniter\CodeIgniter->run()
#12 {main}
CRITICAL - 2024-01-10 10:31:37 --> Table 'talakayandb.news' doesn't exist in engine
in SYSTEMPATH\Database\BaseConnection.php on line 646.
 1 SYSTEMPATH\Database\BaseBuilder.php(1615): CodeIgniter\Database\BaseConnection->query('SELECT *
FROM `news`
WHERE `slug` = :slug:
 LIMIT 1', [...], false)
 2 SYSTEMPATH\Model.php(264): CodeIgniter\Database\BaseBuilder->get()
 3 SYSTEMPATH\BaseModel.php(662): CodeIgniter\Model->doFirst()
 4 APPPATH\Models\NewsModel.php(18): CodeIgniter\BaseModel->first()
 5 APPPATH\Controllers\News.php(24): App\Models\NewsModel->getNews('say-it-isnt-so')
 6 SYSTEMPATH\CodeIgniter.php(919): App\Controllers\News->show('say-it-isnt-so')
 7 SYSTEMPATH\CodeIgniter.php(494): CodeIgniter\CodeIgniter->runController(Object(App\Controllers\News))
 8 SYSTEMPATH\CodeIgniter.php(353): CodeIgniter\CodeIgniter->handleRequest(null, Object(Config\Cache), false)
 9 FCPATH\index.php(79): CodeIgniter\CodeIgniter->run()
CRITICAL - 2024-01-10 13:04:32 --> The namespace delimiter is a backslash (\), not a slash (/). Route handler: "\App\Controllers\account/login"
in SYSTEMPATH\Router\Router.php on line 477.
 1 SYSTEMPATH\Router\Router.php(477): CodeIgniter\Router\Exceptions\RouterException::forInvalidControllerName('\\App\\Controllers\\account/login')
 2 SYSTEMPATH\Router\Router.php(184): CodeIgniter\Router\Router->checkRoutes('login')
 3 SYSTEMPATH\CodeIgniter.php(800): CodeIgniter\Router\Router->handle('login')
 4 SYSTEMPATH\CodeIgniter.php(442): CodeIgniter\CodeIgniter->tryToRouteIt(Object(CodeIgniter\Router\RouteCollection))
 5 SYSTEMPATH\CodeIgniter.php(353): CodeIgniter\CodeIgniter->handleRequest(null, Object(Config\Cache), false)
 6 FCPATH\index.php(79): CodeIgniter\CodeIgniter->run()
CRITICAL - 2024-01-10 13:04:58 --> The namespace delimiter is a backslash (\), not a slash (/). Route handler: "\App\Controllers\account/login"
in SYSTEMPATH\Router\Router.php on line 477.
 1 SYSTEMPATH\Router\Router.php(477): CodeIgniter\Router\Exceptions\RouterException::forInvalidControllerName('\\App\\Controllers\\account/login')
 2 SYSTEMPATH\Router\Router.php(184): CodeIgniter\Router\Router->checkRoutes('login')
 3 SYSTEMPATH\CodeIgniter.php(800): CodeIgniter\Router\Router->handle('login')
 4 SYSTEMPATH\CodeIgniter.php(442): CodeIgniter\CodeIgniter->tryToRouteIt(Object(CodeIgniter\Router\RouteCollection))
 5 SYSTEMPATH\CodeIgniter.php(353): CodeIgniter\CodeIgniter->handleRequest(null, Object(Config\Cache), false)
 6 FCPATH\index.php(79): CodeIgniter\CodeIgniter->run()
CRITICAL - 2024-01-10 13:19:34 --> Call to undefined method CodeIgniter\View\View::renderSecion()
in APPPATH\Views\account\login.php on line 9.
 1 SYSTEMPATH\View\View.php(226): include()
 2 SYSTEMPATH\View\View.php(229): CodeIgniter\View\View->CodeIgniter\View\{closure}()
 3 SYSTEMPATH\Common.php(1188): CodeIgniter\View\View->render('account/login', [], true)
 4 APPPATH\Controllers\Account.php(10): view('account/login')
 5 SYSTEMPATH\CodeIgniter.php(919): App\Controllers\Account->login()
 6 SYSTEMPATH\CodeIgniter.php(494): CodeIgniter\CodeIgniter->runController(Object(App\Controllers\Account))
 7 SYSTEMPATH\CodeIgniter.php(353): CodeIgniter\CodeIgniter->handleRequest(null, Object(Config\Cache), false)
 8 FCPATH\index.php(79): CodeIgniter\CodeIgniter->run()
CRITICAL - 2024-01-10 13:44:12 --> Invalid file: "header.php"
in SYSTEMPATH\Exceptions\FrameworkException.php on line 39.
 1 SYSTEMPATH\View\View.php(214): CodeIgniter\Exceptions\FrameworkException::forInvalidFile('header.php')
 2 SYSTEMPATH\View\View.php(467): CodeIgniter\View\View->render('header', null, true)
 3 APPPATH\Views\template\main.php(1): CodeIgniter\View\View->include('header')
 4 SYSTEMPATH\View\View.php(226): include('C:\\xampp\\htdocs\\talakayan-online\\app\\Views\\template\\main.php')
 5 SYSTEMPATH\View\View.php(229): CodeIgniter\View\View->CodeIgniter\View\{closure}()
 6 SYSTEMPATH\View\View.php(242): CodeIgniter\View\View->render('template\\main', [], true)
 7 SYSTEMPATH\Common.php(1188): CodeIgniter\View\View->render('account/login', [], true)
 8 APPPATH\Controllers\Account.php(10): view('account/login')
 9 SYSTEMPATH\CodeIgniter.php(919): App\Controllers\Account->login()
10 SYSTEMPATH\CodeIgniter.php(494): CodeIgniter\CodeIgniter->runController(Object(App\Controllers\Account))
11 SYSTEMPATH\CodeIgniter.php(353): CodeIgniter\CodeIgniter->handleRequest(null, Object(Config\Cache), false)
12 FCPATH\index.php(79): CodeIgniter\CodeIgniter->run()
CRITICAL - 2024-01-10 13:45:52 --> Invalid file: "footer.php"
in SYSTEMPATH\Exceptions\FrameworkException.php on line 39.
 1 SYSTEMPATH\View\View.php(214): CodeIgniter\Exceptions\FrameworkException::forInvalidFile('footer.php')
 2 SYSTEMPATH\View\View.php(467): CodeIgniter\View\View->render('footer', null, true)
 3 APPPATH\Views\template\main.php(11): CodeIgniter\View\View->include('footer')
 4 SYSTEMPATH\View\View.php(226): include('C:\\xampp\\htdocs\\talakayan-online\\app\\Views\\template\\main.php')
 5 SYSTEMPATH\View\View.php(229): CodeIgniter\View\View->CodeIgniter\View\{closure}()
 6 SYSTEMPATH\View\View.php(242): CodeIgniter\View\View->render('template\\main', [], true)
 7 SYSTEMPATH\Common.php(1188): CodeIgniter\View\View->render('account/login', [], true)
 8 APPPATH\Controllers\Account.php(10): view('account/login')
 9 SYSTEMPATH\CodeIgniter.php(919): App\Controllers\Account->login()
10 SYSTEMPATH\CodeIgniter.php(494): CodeIgniter\CodeIgniter->runController(Object(App\Controllers\Account))
11 SYSTEMPATH\CodeIgniter.php(353): CodeIgniter\CodeIgniter->handleRequest(null, Object(Config\Cache), false)
12 FCPATH\index.php(79): CodeIgniter\CodeIgniter->run()
CRITICAL - 2024-01-10 13:46:51 --> Invalid file: "header.php"
in SYSTEMPATH\Exceptions\FrameworkException.php on line 39.
 1 SYSTEMPATH\View\View.php(214): CodeIgniter\Exceptions\FrameworkException::forInvalidFile('header.php')
 2 SYSTEMPATH\View\View.php(467): CodeIgniter\View\View->render('header', null, true)
 3 APPPATH\Views\template\main.php(1): CodeIgniter\View\View->include('header')
 4 SYSTEMPATH\View\View.php(226): include('C:\\xampp\\htdocs\\talakayan-online\\app\\Views\\template\\main.php')
 5 SYSTEMPATH\View\View.php(229): CodeIgniter\View\View->CodeIgniter\View\{closure}()
 6 SYSTEMPATH\View\View.php(242): CodeIgniter\View\View->render('template\\main', [], true)
 7 SYSTEMPATH\Common.php(1188): CodeIgniter\View\View->render('account/login', [], true)
 8 APPPATH\Controllers\Account.php(10): view('account/login')
 9 SYSTEMPATH\CodeIgniter.php(919): App\Controllers\Account->login()
10 SYSTEMPATH\CodeIgniter.php(494): CodeIgniter\CodeIgniter->runController(Object(App\Controllers\Account))
11 SYSTEMPATH\CodeIgniter.php(353): CodeIgniter\CodeIgniter->handleRequest(null, Object(Config\Cache), false)
12 FCPATH\index.php(79): CodeIgniter\CodeIgniter->run()
CRITICAL - 2024-01-10 13:47:05 --> Invalid file: "footer.php"
in SYSTEMPATH\Exceptions\FrameworkException.php on line 39.
 1 SYSTEMPATH\View\View.php(214): CodeIgniter\Exceptions\FrameworkException::forInvalidFile('footer.php')
 2 SYSTEMPATH\View\View.php(467): CodeIgniter\View\View->render('footer', null, true)
 3 APPPATH\Views\template\main.php(3): CodeIgniter\View\View->include('footer')
 4 SYSTEMPATH\View\View.php(226): include('C:\\xampp\\htdocs\\talakayan-online\\app\\Views\\template\\main.php')
 5 SYSTEMPATH\View\View.php(229): CodeIgniter\View\View->CodeIgniter\View\{closure}()
 6 SYSTEMPATH\View\View.php(242): CodeIgniter\View\View->render('template\\main', [], true)
 7 SYSTEMPATH\Common.php(1188): CodeIgniter\View\View->render('account/login', [], true)
 8 APPPATH\Controllers\Account.php(10): view('account/login')
 9 SYSTEMPATH\CodeIgniter.php(919): App\Controllers\Account->login()
10 SYSTEMPATH\CodeIgniter.php(494): CodeIgniter\CodeIgniter->runController(Object(App\Controllers\Account))
11 SYSTEMPATH\CodeIgniter.php(353): CodeIgniter\CodeIgniter->handleRequest(null, Object(Config\Cache), false)
12 FCPATH\index.php(79): CodeIgniter\CodeIgniter->run()
