INFO - 2024-01-12 12:39:19 --> Session: Class initialized using 'CodeIgniter\Session\Handlers\FileHandler' driver.
INFO - 2024-01-12 12:49:28 --> Session: Class initialized using 'CodeIgniter\Session\Handlers\FileHandler' driver.
INFO - 2024-01-12 12:49:51 --> CSRF token verified.
INFO - 2024-01-12 12:49:52 --> Session: Class initialized using 'CodeIgniter\Session\Handlers\FileHandler' driver.
INFO - 2024-01-12 12:51:19 --> Session: Class initialized using 'CodeIgniter\Session\Handlers\FileHandler' driver.
INFO - 2024-01-12 12:51:57 --> Session: Class initialized using 'CodeIgniter\Session\Handlers\FileHandler' driver.
INFO - 2024-01-12 12:51:59 --> CSRF token verified.
INFO - 2024-01-12 12:51:59 --> Session: Class initialized using 'CodeIgniter\Session\Handlers\FileHandler' driver.
INFO - 2024-01-12 13:24:13 --> Session: Class initialized using 'CodeIgniter\Session\Handlers\FileHandler' driver.
CRITICAL - 2024-01-12 13:24:13 --> Undefined variable $errors
in APPPATH\Views\account\register.php on line 10.
 1 APPPATH\Views\account\register.php(10): CodeIgniter\Debug\Exceptions->errorHandler(2, 'Undefined variable $errors', 'C:\\xampp\\htdocs\\talakayan-online\\app\\Views\\account\\register.php', 10)
 2 SYSTEMPATH\View\View.php(226): include('C:\\xampp\\htdocs\\talakayan-online\\app\\Views\\account\\register.php')
 3 SYSTEMPATH\View\View.php(229): CodeIgniter\View\View->CodeIgniter\View\{closure}()
 4 SYSTEMPATH\Common.php(1188): CodeIgniter\View\View->render('account/register', [], true)
 5 APPPATH\Controllers\Account.php(16): view('account/register')
 6 SYSTEMPATH\CodeIgniter.php(919): App\Controllers\Account->new()
 7 SYSTEMPATH\CodeIgniter.php(494): CodeIgniter\CodeIgniter->runController(Object(App\Controllers\Account))
 8 SYSTEMPATH\CodeIgniter.php(353): CodeIgniter\CodeIgniter->handleRequest(null, Object(Config\Cache), false)
 9 FCPATH\index.php(79): CodeIgniter\CodeIgniter->run()
INFO - 2024-01-12 13:25:31 --> Session: Class initialized using 'CodeIgniter\Session\Handlers\FileHandler' driver.
INFO - 2024-01-12 13:25:44 --> CSRF token verified.
INFO - 2024-01-12 13:25:44 --> Session: Class initialized using 'CodeIgniter\Session\Handlers\FileHandler' driver.
INFO - 2024-01-12 13:25:55 --> CSRF token verified.
INFO - 2024-01-12 13:25:55 --> Session: Class initialized using 'CodeIgniter\Session\Handlers\FileHandler' driver.
INFO - 2024-01-12 13:26:42 --> Session: Class initialized using 'CodeIgniter\Session\Handlers\FileHandler' driver.
CRITICAL - 2024-01-12 13:26:42 --> "username" is not a valid Validation template.
in SYSTEMPATH\Helpers\form_helper.php on line 730.
 1 SYSTEMPATH\Helpers\form_helper.php(730): CodeIgniter\Validation\Exceptions\ValidationException::forInvalidTemplate('username')
 2 APPPATH\Views\account\register.php(10): validation_list_errors('username')
 3 SYSTEMPATH\View\View.php(226): include('C:\\xampp\\htdocs\\talakayan-online\\app\\Views\\account\\register.php')
 4 SYSTEMPATH\View\View.php(229): CodeIgniter\View\View->CodeIgniter\View\{closure}()
 5 SYSTEMPATH\Common.php(1188): CodeIgniter\View\View->render('account/register', [], true)
 6 APPPATH\Controllers\Account.php(16): view('account/register')
 7 SYSTEMPATH\CodeIgniter.php(919): App\Controllers\Account->new()
 8 SYSTEMPATH\CodeIgniter.php(494): CodeIgniter\CodeIgniter->runController(Object(App\Controllers\Account))
 9 SYSTEMPATH\CodeIgniter.php(353): CodeIgniter\CodeIgniter->handleRequest(null, Object(Config\Cache), false)
10 FCPATH\index.php(79): CodeIgniter\CodeIgniter->run()
INFO - 2024-01-12 13:29:30 --> Session: Class initialized using 'CodeIgniter\Session\Handlers\FileHandler' driver.
INFO - 2024-01-12 13:29:38 --> CSRF token verified.
ERROR - 2024-01-12 13:29:38 --> mysqli_sql_exception: Table 'talakayandb.username' doesn't exist in C:\xampp\htdocs\talakayan-online\system\Database\MySQLi\Connection.php:306
Stack trace:
#0 C:\xampp\htdocs\talakayan-online\system\Database\MySQLi\Connection.php(306): mysqli->query('SELECT 1\nFROM `...', 0)
#1 C:\xampp\htdocs\talakayan-online\system\Database\BaseConnection.php(692): CodeIgniter\Database\MySQLi\Connection->execute('SELECT 1\nFROM `...')
#2 C:\xampp\htdocs\talakayan-online\system\Database\BaseConnection.php(606): CodeIgniter\Database\BaseConnection->simpleQuery('SELECT 1\nFROM `...')
#3 C:\xampp\htdocs\talakayan-online\system\Database\BaseBuilder.php(1615): CodeIgniter\Database\BaseConnection->query('SELECT 1\nFROM `...', Array, false)
#4 C:\xampp\htdocs\talakayan-online\system\Validation\StrictRules\Rules.php(206): CodeIgniter\Database\BaseBuilder->get()
#5 C:\xampp\htdocs\talakayan-online\system\Validation\Validation.php(309): CodeIgniter\Validation\StrictRules\Rules->is_unique('adminasdadasd', 'username', Array, NULL, 'username')
#6 C:\xampp\htdocs\talakayan-online\system\Validation\Validation.php(195): CodeIgniter\Validation\Validation->processRules('username', 'username', 'adminasdadasd', Array, Array)
#7 C:\xampp\htdocs\talakayan-online\system\Controller.php(165): CodeIgniter\Validation\Validation->run(Array, NULL, NULL)
#8 C:\xampp\htdocs\talakayan-online\app\Controllers\Account.php(61): CodeIgniter\Controller->validateData(Array, Array)
#9 C:\xampp\htdocs\talakayan-online\system\CodeIgniter.php(919): App\Controllers\Account->create()
#10 C:\xampp\htdocs\talakayan-online\system\CodeIgniter.php(494): CodeIgniter\CodeIgniter->runController(Object(App\Controllers\Account))
#11 C:\xampp\htdocs\talakayan-online\system\CodeIgniter.php(353): CodeIgniter\CodeIgniter->handleRequest(NULL, Object(Config\Cache), false)
#12 C:\xampp\htdocs\talakayan-online\index.php(79): CodeIgniter\CodeIgniter->run()
#13 {main}
CRITICAL - 2024-01-12 13:29:38 --> Table 'talakayandb.username' doesn't exist
in SYSTEMPATH\Database\BaseConnection.php on line 646.
 1 SYSTEMPATH\Database\BaseBuilder.php(1615): CodeIgniter\Database\BaseConnection->query('SELECT 1
FROM `username`
WHERE `username` = :username:
 LIMIT 1', [...], false)
 2 SYSTEMPATH\Validation\StrictRules\Rules.php(206): CodeIgniter\Database\BaseBuilder->get()
 3 SYSTEMPATH\Validation\Validation.php(309): CodeIgniter\Validation\StrictRules\Rules->is_unique('adminasdadasd', 'username', [...], null, 'username')
 4 SYSTEMPATH\Validation\Validation.php(195): CodeIgniter\Validation\Validation->processRules('username', 'username', 'adminasdadasd', [...], [...])
 5 SYSTEMPATH\Controller.php(165): CodeIgniter\Validation\Validation->run([...], null, null)
 6 APPPATH\Controllers\Account.php(61): CodeIgniter\Controller->validateData([...], [...])
 7 SYSTEMPATH\CodeIgniter.php(919): App\Controllers\Account->create()
 8 SYSTEMPATH\CodeIgniter.php(494): CodeIgniter\CodeIgniter->runController(Object(App\Controllers\Account))
 9 SYSTEMPATH\CodeIgniter.php(353): CodeIgniter\CodeIgniter->handleRequest(null, Object(Config\Cache), false)
10 FCPATH\index.php(79): CodeIgniter\CodeIgniter->run()
INFO - 2024-01-12 13:29:57 --> Session: Class initialized using 'CodeIgniter\Session\Handlers\FileHandler' driver.
INFO - 2024-01-12 13:30:18 --> Session: Class initialized using 'CodeIgniter\Session\Handlers\FileHandler' driver.
INFO - 2024-01-12 13:30:26 --> CSRF token verified.
INFO - 2024-01-12 13:30:26 --> Session: Class initialized using 'CodeIgniter\Session\Handlers\FileHandler' driver.
INFO - 2024-01-12 13:32:02 --> Session: Class initialized using 'CodeIgniter\Session\Handlers\FileHandler' driver.
INFO - 2024-01-12 13:32:09 --> CSRF token verified.
INFO - 2024-01-12 13:32:21 --> Session: Class initialized using 'CodeIgniter\Session\Handlers\FileHandler' driver.
INFO - 2024-01-12 13:34:36 --> Session: Class initialized using 'CodeIgniter\Session\Handlers\FileHandler' driver.
CRITICAL - 2024-01-12 13:34:36 --> Undefined variable $errors
in APPPATH\Views\account\register.php on line 11.
 1 APPPATH\Views\account\register.php(11): CodeIgniter\Debug\Exceptions->errorHandler(2, 'Undefined variable $errors', 'C:\\xampp\\htdocs\\talakayan-online\\app\\Views\\account\\register.php', 11)
 2 SYSTEMPATH\View\View.php(226): include('C:\\xampp\\htdocs\\talakayan-online\\app\\Views\\account\\register.php')
 3 SYSTEMPATH\View\View.php(229): CodeIgniter\View\View->CodeIgniter\View\{closure}()
 4 SYSTEMPATH\Common.php(1188): CodeIgniter\View\View->render('account/register', [], true)
 5 APPPATH\Controllers\Account.php(16): view('account/register')
 6 SYSTEMPATH\CodeIgniter.php(919): App\Controllers\Account->new()
 7 SYSTEMPATH\CodeIgniter.php(494): CodeIgniter\CodeIgniter->runController(Object(App\Controllers\Account))
 8 SYSTEMPATH\CodeIgniter.php(353): CodeIgniter\CodeIgniter->handleRequest(null, Object(Config\Cache), false)
 9 FCPATH\index.php(79): CodeIgniter\CodeIgniter->run()
INFO - 2024-01-12 13:46:29 --> Session: Class initialized using 'CodeIgniter\Session\Handlers\FileHandler' driver.
CRITICAL - 2024-01-12 13:46:29 --> Undefined variable $errors
in APPPATH\Views\account\register.php on line 11.
 1 APPPATH\Views\account\register.php(11): CodeIgniter\Debug\Exceptions->errorHandler(2, 'Undefined variable $errors', 'C:\\xampp\\htdocs\\talakayan-online\\app\\Views\\account\\register.php', 11)
 2 SYSTEMPATH\View\View.php(226): include('C:\\xampp\\htdocs\\talakayan-online\\app\\Views\\account\\register.php')
 3 SYSTEMPATH\View\View.php(229): CodeIgniter\View\View->CodeIgniter\View\{closure}()
 4 SYSTEMPATH\Common.php(1188): CodeIgniter\View\View->render('account/register', [], true)
 5 APPPATH\Controllers\Account.php(66): view('account/register')
 6 SYSTEMPATH\CodeIgniter.php(919): App\Controllers\Account->new()
 7 SYSTEMPATH\CodeIgniter.php(494): CodeIgniter\CodeIgniter->runController(Object(App\Controllers\Account))
 8 SYSTEMPATH\CodeIgniter.php(353): CodeIgniter\CodeIgniter->handleRequest(null, Object(Config\Cache), false)
 9 FCPATH\index.php(79): CodeIgniter\CodeIgniter->run()
INFO - 2024-01-12 13:46:39 --> Session: Class initialized using 'CodeIgniter\Session\Handlers\FileHandler' driver.
INFO - 2024-01-12 13:46:50 --> CSRF token verified.
INFO - 2024-01-12 13:46:50 --> Session: Class initialized using 'CodeIgniter\Session\Handlers\FileHandler' driver.
INFO - 2024-01-12 13:53:08 --> CSRF token verified.
INFO - 2024-01-12 13:53:55 --> CSRF token verified.
INFO - 2024-01-12 14:01:08 --> CSRF token verified.
INFO - 2024-01-12 14:03:45 --> CSRF token verified.
INFO - 2024-01-12 14:06:21 --> CSRF token verified.
INFO - 2024-01-12 14:06:36 --> CSRF token verified.
INFO - 2024-01-12 14:08:01 --> CSRF token verified.
INFO - 2024-01-12 14:09:02 --> CSRF token verified.
INFO - 2024-01-12 14:09:51 --> CSRF token verified.
INFO - 2024-01-12 14:15:06 --> CSRF token verified.
INFO - 2024-01-12 14:15:33 --> CSRF token verified.
INFO - 2024-01-12 14:15:59 --> CSRF token verified.
INFO - 2024-01-12 14:16:25 --> CSRF token verified.
ERROR - 2024-01-12 14:16:25 --> mysqli_sql_exception: Table 'talakayandb.username' doesn't exist in C:\xampp\htdocs\talakayan-online\system\Database\MySQLi\Connection.php:306
Stack trace:
#0 C:\xampp\htdocs\talakayan-online\system\Database\MySQLi\Connection.php(306): mysqli->query('SELECT 1\nFROM `...', 0)
#1 C:\xampp\htdocs\talakayan-online\system\Database\BaseConnection.php(692): CodeIgniter\Database\MySQLi\Connection->execute('SELECT 1\nFROM `...')
#2 C:\xampp\htdocs\talakayan-online\system\Database\BaseConnection.php(606): CodeIgniter\Database\BaseConnection->simpleQuery('SELECT 1\nFROM `...')
#3 C:\xampp\htdocs\talakayan-online\system\Database\BaseBuilder.php(1615): CodeIgniter\Database\BaseConnection->query('SELECT 1\nFROM `...', Array, false)
#4 C:\xampp\htdocs\talakayan-online\system\Validation\StrictRules\Rules.php(206): CodeIgniter\Database\BaseBuilder->get()
#5 C:\xampp\htdocs\talakayan-online\system\Validation\Validation.php(309): CodeIgniter\Validation\StrictRules\Rules->is_unique('admin', 'username', Array, NULL, 'username')
#6 C:\xampp\htdocs\talakayan-online\system\Validation\Validation.php(195): CodeIgniter\Validation\Validation->processRules('username', 'username', 'admin', Array, Array)
#7 C:\xampp\htdocs\talakayan-online\system\Controller.php(150): CodeIgniter\Validation\Validation->run()
#8 C:\xampp\htdocs\talakayan-online\app\Controllers\Account.php(57): CodeIgniter\Controller->validate(Array)
#9 C:\xampp\htdocs\talakayan-online\system\CodeIgniter.php(919): App\Controllers\Account->new()
#10 C:\xampp\htdocs\talakayan-online\system\CodeIgniter.php(494): CodeIgniter\CodeIgniter->runController(Object(App\Controllers\Account))
#11 C:\xampp\htdocs\talakayan-online\system\CodeIgniter.php(353): CodeIgniter\CodeIgniter->handleRequest(NULL, Object(Config\Cache), false)
#12 C:\xampp\htdocs\talakayan-online\index.php(79): CodeIgniter\CodeIgniter->run()
#13 {main}
CRITICAL - 2024-01-12 14:16:25 --> Table 'talakayandb.username' doesn't exist
in SYSTEMPATH\Database\BaseConnection.php on line 646.
 1 SYSTEMPATH\Database\BaseBuilder.php(1615): CodeIgniter\Database\BaseConnection->query('SELECT 1
FROM `username`
WHERE `username` = :username:
 LIMIT 1', [...], false)
 2 SYSTEMPATH\Validation\StrictRules\Rules.php(206): CodeIgniter\Database\BaseBuilder->get()
 3 SYSTEMPATH\Validation\Validation.php(309): CodeIgniter\Validation\StrictRules\Rules->is_unique('admin', 'username', [...], null, 'username')
 4 SYSTEMPATH\Validation\Validation.php(195): CodeIgniter\Validation\Validation->processRules('username', 'username', 'admin', [...], [...])
 5 SYSTEMPATH\Controller.php(150): CodeIgniter\Validation\Validation->run()
 6 APPPATH\Controllers\Account.php(57): CodeIgniter\Controller->validate([...])
 7 SYSTEMPATH\CodeIgniter.php(919): App\Controllers\Account->new()
 8 SYSTEMPATH\CodeIgniter.php(494): CodeIgniter\CodeIgniter->runController(Object(App\Controllers\Account))
 9 SYSTEMPATH\CodeIgniter.php(353): CodeIgniter\CodeIgniter->handleRequest(null, Object(Config\Cache), false)
10 FCPATH\index.php(79): CodeIgniter\CodeIgniter->run()
INFO - 2024-01-12 14:17:40 --> CSRF token verified.
ERROR - 2024-01-12 14:17:40 --> mysqli_sql_exception: Table 'talakayandb.username' doesn't exist in C:\xampp\htdocs\talakayan-online\system\Database\MySQLi\Connection.php:306
Stack trace:
#0 C:\xampp\htdocs\talakayan-online\system\Database\MySQLi\Connection.php(306): mysqli->query('SELECT 1\nFROM `...', 0)
#1 C:\xampp\htdocs\talakayan-online\system\Database\BaseConnection.php(692): CodeIgniter\Database\MySQLi\Connection->execute('SELECT 1\nFROM `...')
#2 C:\xampp\htdocs\talakayan-online\system\Database\BaseConnection.php(606): CodeIgniter\Database\BaseConnection->simpleQuery('SELECT 1\nFROM `...')
#3 C:\xampp\htdocs\talakayan-online\system\Database\BaseBuilder.php(1615): CodeIgniter\Database\BaseConnection->query('SELECT 1\nFROM `...', Array, false)
#4 C:\xampp\htdocs\talakayan-online\system\Validation\StrictRules\Rules.php(206): CodeIgniter\Database\BaseBuilder->get()
#5 C:\xampp\htdocs\talakayan-online\system\Validation\Validation.php(309): CodeIgniter\Validation\StrictRules\Rules->is_unique('admin', 'username', Array, NULL, 'username')
#6 C:\xampp\htdocs\talakayan-online\system\Validation\Validation.php(195): CodeIgniter\Validation\Validation->processRules('username', 'username', 'admin', Array, Array)
#7 C:\xampp\htdocs\talakayan-online\system\Controller.php(150): CodeIgniter\Validation\Validation->run()
#8 C:\xampp\htdocs\talakayan-online\app\Controllers\Account.php(57): CodeIgniter\Controller->validate(Array)
#9 C:\xampp\htdocs\talakayan-online\system\CodeIgniter.php(919): App\Controllers\Account->new()
#10 C:\xampp\htdocs\talakayan-online\system\CodeIgniter.php(494): CodeIgniter\CodeIgniter->runController(Object(App\Controllers\Account))
#11 C:\xampp\htdocs\talakayan-online\system\CodeIgniter.php(353): CodeIgniter\CodeIgniter->handleRequest(NULL, Object(Config\Cache), false)
#12 C:\xampp\htdocs\talakayan-online\index.php(79): CodeIgniter\CodeIgniter->run()
#13 {main}
CRITICAL - 2024-01-12 14:17:40 --> Table 'talakayandb.username' doesn't exist
in SYSTEMPATH\Database\BaseConnection.php on line 646.
 1 SYSTEMPATH\Database\BaseBuilder.php(1615): CodeIgniter\Database\BaseConnection->query('SELECT 1
FROM `username`
WHERE `username` = :username:
 LIMIT 1', [...], false)
 2 SYSTEMPATH\Validation\StrictRules\Rules.php(206): CodeIgniter\Database\BaseBuilder->get()
 3 SYSTEMPATH\Validation\Validation.php(309): CodeIgniter\Validation\StrictRules\Rules->is_unique('admin', 'username', [...], null, 'username')
 4 SYSTEMPATH\Validation\Validation.php(195): CodeIgniter\Validation\Validation->processRules('username', 'username', 'admin', [...], [...])
 5 SYSTEMPATH\Controller.php(150): CodeIgniter\Validation\Validation->run()
 6 APPPATH\Controllers\Account.php(57): CodeIgniter\Controller->validate([...])
 7 SYSTEMPATH\CodeIgniter.php(919): App\Controllers\Account->new()
 8 SYSTEMPATH\CodeIgniter.php(494): CodeIgniter\CodeIgniter->runController(Object(App\Controllers\Account))
 9 SYSTEMPATH\CodeIgniter.php(353): CodeIgniter\CodeIgniter->handleRequest(null, Object(Config\Cache), false)
10 FCPATH\index.php(79): CodeIgniter\CodeIgniter->run()
INFO - 2024-01-12 14:18:29 --> CSRF token verified.
INFO - 2024-01-12 14:18:34 --> CSRF token verified.
INFO - 2024-01-12 14:18:45 --> CSRF token verified.
INFO - 2024-01-12 14:19:29 --> CSRF token verified.
INFO - 2024-01-12 14:19:36 --> CSRF token verified.
INFO - 2024-01-12 14:20:09 --> CSRF token verified.
CRITICAL - 2024-01-12 14:26:24 --> Undefined variable $errors
in APPPATH\Views\account\register.php on line 27.
 1 APPPATH\Views\account\register.php(27): CodeIgniter\Debug\Exceptions->errorHandler(2, 'Undefined variable $errors', 'C:\\xampp\\htdocs\\talakayan-online\\app\\Views\\account\\register.php', 27)
 2 SYSTEMPATH\View\View.php(226): include('C:\\xampp\\htdocs\\talakayan-online\\app\\Views\\account\\register.php')
 3 SYSTEMPATH\View\View.php(229): CodeIgniter\View\View->CodeIgniter\View\{closure}()
 4 SYSTEMPATH\Common.php(1188): CodeIgniter\View\View->render('account/register', [], true)
 5 APPPATH\Controllers\Account.php(63): view('account/register')
 6 SYSTEMPATH\CodeIgniter.php(919): App\Controllers\Account->new()
 7 SYSTEMPATH\CodeIgniter.php(494): CodeIgniter\CodeIgniter->runController(Object(App\Controllers\Account))
 8 SYSTEMPATH\CodeIgniter.php(353): CodeIgniter\CodeIgniter->handleRequest(null, Object(Config\Cache), false)
 9 FCPATH\index.php(79): CodeIgniter\CodeIgniter->run()
INFO - 2024-01-12 14:27:19 --> CSRF token verified.
CRITICAL - 2024-01-12 14:27:19 --> Call to a member function getError() on array
in APPPATH\Views\account\register.php on line 29.
 1 SYSTEMPATH\View\View.php(226): include()
 2 SYSTEMPATH\View\View.php(229): CodeIgniter\View\View->CodeIgniter\View\{closure}()
 3 SYSTEMPATH\Common.php(1188): CodeIgniter\View\View->render('account/register', [], true)
 4 APPPATH\Controllers\Account.php(58): view('account/register', [...])
 5 SYSTEMPATH\CodeIgniter.php(919): App\Controllers\Account->new()
 6 SYSTEMPATH\CodeIgniter.php(494): CodeIgniter\CodeIgniter->runController(Object(App\Controllers\Account))
 7 SYSTEMPATH\CodeIgniter.php(353): CodeIgniter\CodeIgniter->handleRequest(null, Object(Config\Cache), false)
 8 FCPATH\index.php(79): CodeIgniter\CodeIgniter->run()
INFO - 2024-01-12 14:43:31 --> CSRF token verified.
CRITICAL - 2024-01-12 14:43:31 --> Invalid file: "/dashboard.php"
in SYSTEMPATH\Exceptions\FrameworkException.php on line 39.
 1 SYSTEMPATH\View\View.php(214): CodeIgniter\Exceptions\FrameworkException::forInvalidFile('/dashboard.php')
 2 SYSTEMPATH\Common.php(1188): CodeIgniter\View\View->render('/dashboard', [], true)
 3 APPPATH\Controllers\Dashboard.php(10): view('/dashboard')
 4 SYSTEMPATH\CodeIgniter.php(919): App\Controllers\Dashboard->index()
 5 SYSTEMPATH\CodeIgniter.php(494): CodeIgniter\CodeIgniter->runController(Object(App\Controllers\Dashboard))
 6 SYSTEMPATH\CodeIgniter.php(353): CodeIgniter\CodeIgniter->handleRequest(null, Object(Config\Cache), false)
 7 FCPATH\index.php(79): CodeIgniter\CodeIgniter->run()
INFO - 2024-01-12 14:48:38 --> CSRF token verified.
INFO - 2024-01-12 14:48:46 --> CSRF token verified.
CRITICAL - 2024-01-12 14:48:46 --> Invalid file: "/dashboard.php"
in SYSTEMPATH\Exceptions\FrameworkException.php on line 39.
 1 SYSTEMPATH\View\View.php(214): CodeIgniter\Exceptions\FrameworkException::forInvalidFile('/dashboard.php')
 2 SYSTEMPATH\Common.php(1188): CodeIgniter\View\View->render('/dashboard', [], true)
 3 APPPATH\Controllers\Dashboard.php(10): view('/dashboard')
 4 SYSTEMPATH\CodeIgniter.php(919): App\Controllers\Dashboard->index()
 5 SYSTEMPATH\CodeIgniter.php(494): CodeIgniter\CodeIgniter->runController(Object(App\Controllers\Dashboard))
 6 SYSTEMPATH\CodeIgniter.php(353): CodeIgniter\CodeIgniter->handleRequest(null, Object(Config\Cache), false)
 7 FCPATH\index.php(79): CodeIgniter\CodeIgniter->run()
INFO - 2024-01-12 14:51:03 --> CSRF token verified.
INFO - 2024-01-12 14:53:17 --> CSRF token verified.
INFO - 2024-01-12 15:06:13 --> CSRF token verified.
INFO - 2024-01-12 15:06:13 --> Session: Class initialized using 'CodeIgniter\Session\Handlers\FileHandler' driver.
CRITICAL - 2024-01-12 15:06:13 --> Undefined variable $session
in APPPATH\Views\account\login.php on line 11.
 1 APPPATH\Views\account\login.php(11): CodeIgniter\Debug\Exceptions->errorHandler(2, 'Undefined variable $session', 'C:\\xampp\\htdocs\\talakayan-online\\app\\Views\\account\\login.php', 11)
 2 SYSTEMPATH\View\View.php(226): include('C:\\xampp\\htdocs\\talakayan-online\\app\\Views\\account\\login.php')
 3 SYSTEMPATH\View\View.php(229): CodeIgniter\View\View->CodeIgniter\View\{closure}()
 4 SYSTEMPATH\Common.php(1188): CodeIgniter\View\View->render('account/login', [], true)
 5 APPPATH\Controllers\Account.php(11): view('account/login')
 6 SYSTEMPATH\CodeIgniter.php(919): App\Controllers\Account->login()
 7 SYSTEMPATH\CodeIgniter.php(494): CodeIgniter\CodeIgniter->runController(Object(App\Controllers\Account))
 8 SYSTEMPATH\CodeIgniter.php(353): CodeIgniter\CodeIgniter->handleRequest(null, Object(Config\Cache), false)
 9 FCPATH\index.php(79): CodeIgniter\CodeIgniter->run()
INFO - 2024-01-12 15:07:11 --> CSRF token verified.
